2024-12-09 09:36:50 [http-nio-8080-exec-5] DEBUG o.s.security.web.FilterChainProxy - Securing GET /ws
2024-12-09 09:36:50 [http-nio-8080-exec-5] DEBUG o.s.w.s.s.s.WebSocketHandlerMapping - Mapped to org.springframework.web.socket.server.support.WebSocketHttpRequestHandler@10985681
2024-12-09 09:36:50 [http-nio-8080-exec-5] DEBUG o.s.w.s.s.s.WebSocketHandlerMapping - Mapped to org.springframework.web.socket.server.support.WebSocketHttpRequestHandler@10985681
2024-12-09 09:36:50 [http-nio-8080-exec-5] DEBUG o.s.w.s.s.s.WebSocketHandlerMapping - Mapped to org.springframework.web.socket.server.support.WebSocketHttpRequestHandler@10985681
2024-12-09 09:36:50 [http-nio-8080-exec-5] DEBUG o.s.security.web.FilterChainProxy - Secured GET /ws
2024-12-09 09:36:50 [http-nio-8080-exec-5] DEBUG o.s.w.s.s.s.WebSocketHandlerMapping - Mapped to org.springframework.web.socket.server.support.WebSocketHttpRequestHandler@10985681
2024-12-09 09:36:50 [http-nio-8080-exec-5] DEBUG o.s.w.s.s.s.WebSocketHttpRequestHandler - GET /ws
2024-12-09 09:36:50 [http-nio-8080-exec-5] DEBUG o.s.w.s.h.LoggingWebSocketHandlerDecorator - New StandardWebSocketSession[id=1f39cdc4-278b-fe71-2106-bddf64ad3120, uri=ws://localhost:8080/ws]
2024-12-09 09:36:59 [HikariPool-9 housekeeper] WARN  com.zaxxer.hikari.pool.HikariPool - HikariPool-9 - Thread starvation or clock leap detected (housekeeper delta=2d16h46m26s98ms725µs400ns).
2024-12-09 09:37:30 [MessageBroker-1] INFO  o.s.w.s.c.WebSocketMessageBrokerStats - WebSocketSession[1 current WS(1)-HttpStream(0)-HttpPoll(0), 2 total, 0 closed abnormally (0 connect failure, 0 send limit, 1 transport error)], stompSubProtocol[processed CONNECT(2)-CONNECTED(2)-DISCONNECT(0)], stompBrokerRelay[null], inboundChannel[pool size = 15, active threads = 0, queued tasks = 0, completed tasks = 15], outboundChannel[pool size = 3, active threads = 0, queued tasks = 0, completed tasks = 3], sockJsScheduler[pool size = 3, active threads = 1, queued tasks = 1, completed tasks = 0]
2024-12-09 09:45:52 [http-nio-8080-exec-8] DEBUG o.s.w.s.h.LoggingWebSocketHandlerDecorator - StandardWebSocketSession[id=1f39cdc4-278b-fe71-2106-bddf64ad3120, uri=ws://localhost:8080/ws] closed with CloseStatus[code=1001, reason=null]
2024-12-09 09:45:52 [http-nio-8080-exec-8] DEBUG o.s.w.s.m.SubProtocolWebSocketHandler - Clearing session 1f39cdc4-278b-fe71-2106-bddf64ad3120
2024-12-09 09:45:52 [clientOutboundChannel-4] DEBUG o.s.w.s.m.SubProtocolWebSocketHandler - No session for GenericMessage [payload=byte[0], headers={simpMessageType=DISCONNECT_ACK, simpDisconnectMessage=GenericMessage [payload=byte[0], headers={simpMessageType=DISCONNECT, stompCommand=DISCONNECT, simpSessionAttributes={org.springframework.messaging.simp.SimpAttributes.COMPLETED=true}, simpSessionId=1f39cdc4-278b-fe71-2106-bddf64ad3120}], simpSessionId=1f39cdc4-278b-fe71-2106-bddf64ad3120}]
2024-12-09 09:45:59 [SpringApplicationShutdownHook] INFO  o.s.m.s.b.SimpleBrokerMessageHandler - Stopping...
2024-12-09 09:45:59 [SpringApplicationShutdownHook] INFO  o.s.m.s.b.SimpleBrokerMessageHandler - BrokerAvailabilityEvent[available=false, SimpleBrokerMessageHandler [org.springframework.messaging.simp.broker.DefaultSubscriptionRegistry@5b7dce0f]]
2024-12-09 09:45:59 [SpringApplicationShutdownHook] INFO  o.s.m.s.b.SimpleBrokerMessageHandler - Stopped.
2024-12-09 09:45:59 [messageListenerContainer-11] INFO  o.s.a.r.l.SimpleMessageListenerContainer - Waiting for workers to finish.
2024-12-09 09:45:59 [org.springframework.amqp.rabbit.RabbitListenerEndpointContainer#0-2] INFO  o.s.a.r.l.SimpleMessageListenerContainer - Waiting for workers to finish.
2024-12-09 09:46:00 [org.springframework.amqp.rabbit.RabbitListenerEndpointContainer#0-2] INFO  o.s.a.r.l.SimpleMessageListenerContainer - Successfully waited for workers to finish.
2024-12-09 09:46:00 [messageListenerContainer-11] INFO  o.s.a.r.l.SimpleMessageListenerContainer - Successfully waited for workers to finish.
2024-12-09 09:46:00 [SpringApplicationShutdownHook] INFO  o.s.a.r.l.SimpleMessageListenerContainer - Shutdown ignored - container is already stopped
2024-12-09 09:46:00 [SpringApplicationShutdownHook] INFO  o.s.a.r.l.SimpleMessageListenerContainer - Shutdown ignored - container is already stopped
2024-12-09 09:46:00 [SpringApplicationShutdownHook] INFO  o.s.o.j.LocalContainerEntityManagerFactoryBean - Closing JPA EntityManagerFactory for persistence unit 'default'
2024-12-09 09:46:00 [SpringApplicationShutdownHook] INFO  com.zaxxer.hikari.HikariDataSource - HikariPool-9 - Shutdown initiated...
2024-12-09 09:46:00 [SpringApplicationShutdownHook] INFO  com.zaxxer.hikari.HikariDataSource - HikariPool-9 - Shutdown completed.
